<?xml version="1.0" encoding="UTF-8"?>
<!-- Generated by org.testng.reporters.JUnitXMLReporter -->
<testsuite ignored="0" hostname="DESKTOP-EK017AK" failures="1" tests="3" name="Test" time="0.162" errors="0" timestamp="2022-11-23T20:00:14 IST">
  <testcase classname="test.Reort" name="Forgot" time="0.009"/>
  <testcase classname="test.Reort" name="Reg" time="0.001"/>
  <testcase classname="test.Reort" name="login" time="0.001">
    <failure type="java.lang.AssertionError" message="expected [true] but found [false]">
      <![CDATA[java.lang.AssertionError: expected [true] but found [false]
at test.Reort.login(Reort.java:9)
at java.base/java.util.ArrayList.forEach(ArrayList.java:1511)
... Removed 31 stack frames]]>
    </failure>
  </testcase> <!-- login -->
</testsuite> <!-- Test -->
